


ARM Macro Assembler    Page 1 


    1 00000000                 AREA             my_code,CODE,READONLY
    2 00000000                 ENTRY
    3 00000000         
    4 00000000 E3A00101        mov              r0,#0x40000000
    5 00000004 E5906000        ldr              r6,[r0]
    6 00000008 E3A01003        mov              r1,#3
    7 0000000C E3A07002        mov              r7,#2
    8 00000010 E3A08111        mov              r8,#0x40000004
    9 00000014         
   10 00000014         loop
   11 00000014 E3510000        cmp              r1,#0
   12 00000018 0A00000A        beq              endloop
   13 0000001C E206600F        and              r6,#0x0f
   14 00000020 E1A02006        mov              r2,r6
   15 00000024         
   16 00000024 E0030292        mul              r3,r2,r2
   17 00000028 E0040293        mul              r4,r3,r2
   18 0000002C E0855004        add              r5,r5,r4
   19 00000030 E5885000        str              r5,[r8]
   20 00000034 E2888001        add              r8,#0x01
   21 00000038 E2411001        sub              r1,#1
   22 0000003C         
   23 0000003C E2800001        add              r0,#0x01
   24 00000040 E5906000        ldr              r6,[r0]
   25 00000044 EAFFFFF2        b                loop
   26 00000048         
   27 00000048 EAFFFFFE 
                       endloop b                endloop
   28 0000004C                 end
Command Line: --debug --xref --diag_suppress=9931 --apcs=interwork --depend=.\o
bjects\trial.d -o.\objects\trial.o -IC:\Keil_v5\ARM\RV31\INC -IC:\Keil_v5\ARM\C
MSIS\Include -IC:\Keil_v5\ARM\INC\Philips --predefine="__EVAL SETA 1" --predefi
ne="__UVISION_VERSION SETA 529" --list=.\listings\trial.lst trial.s



ARM Macro Assembler    Page 1 Alphabetic symbol ordering
Relocatable symbols

endloop 00000048

Symbol: endloop
   Definitions
      At line 27 in file trial.s
   Uses
      At line 12 in file trial.s
      At line 27 in file trial.s

loop 00000014

Symbol: loop
   Definitions
      At line 10 in file trial.s
   Uses
      At line 25 in file trial.s
Comment: loop used once
my_code 00000000

Symbol: my_code
   Definitions
      At line 1 in file trial.s
   Uses
      None
Comment: my_code unused
3 symbols
335 symbols in table
